2021-06-17 22:33:44,188 Starting new HTTPS connection (1): esgaming.hermanmiller.com:443
2021-06-17 22:33:44,404 https://esgaming.hermanmiller.com:443 "GET /collections/menu/products/embody-gaming-chair HTTP/1.1" 200 None
2021-06-17 22:33:44,583 No change in price: €1.425
2021-06-17 22:33:44,585 Starting new HTTPS connection (1): esgaming.hermanmiller.com:443
2021-06-17 22:33:44,965 https://esgaming.hermanmiller.com:443 "GET /collections/menu/products/aeron-chair-medium-b HTTP/1.1" 200 None
2021-06-17 22:33:45,043 No change in price: €1.427
2021-06-17 22:33:45,044 Starting new HTTPS connection (1): esgaming.hermanmiller.com:443
2021-06-17 22:33:45,373 https://esgaming.hermanmiller.com:443 "GET /collections/menu/products/sayl-chair-red HTTP/1.1" 200 None
2021-06-17 22:33:45,522 No change in price: €67800.0
2021-06-17 22:33:45,522 Sleeping for 3600
2021-06-17 22:34:01,231 Starting new HTTPS connection (1): esgaming.hermanmiller.com:443
2021-06-17 22:34:01,567 https://esgaming.hermanmiller.com:443 "GET /collections/menu/products/embody-gaming-chair HTTP/1.1" 200 None
2021-06-17 22:34:01,723 No change in price: €1.425
2021-06-17 22:34:01,724 Starting new HTTPS connection (1): esgaming.hermanmiller.com:443
2021-06-17 22:34:02,048 https://esgaming.hermanmiller.com:443 "GET /collections/menu/products/aeron-chair-medium-b HTTP/1.1" 200 None
2021-06-17 22:34:02,143 No change in price: €1.427
2021-06-17 22:34:02,144 Starting new HTTPS connection (1): esgaming.hermanmiller.com:443
2021-06-17 22:34:02,452 https://esgaming.hermanmiller.com:443 "GET /collections/menu/products/sayl-chair-red HTTP/1.1" 200 None
2021-06-17 22:34:02,634 No change in price: €67800.0
2021-06-17 22:34:02,634 Sleeping for 3600
2021-06-17 22:34:13,396 No change in price: €1.425
2021-06-17 22:34:13,904 No change in price: €1.427
2021-06-17 22:34:14,392 No change in price: €67800.0
2021-06-17 22:34:14,392 Sleeping for 3600
